TN:
SF:src/entities/address.ts
FN:16,validate
FN:22,toString
FN:8,Address
FNF:3
FNH:2
FNDA:1,validate
FNDA:0,toString
FNDA:1,Address
DA:1,1
DA:2,1
DA:3,1
DA:4,1
DA:5,1
DA:6,1
DA:7,1
DA:8,1
DA:9,1
DA:10,1
DA:11,1
DA:12,1
DA:13,1
DA:14,1
DA:15,1
DA:16,1
DA:17,1
DA:18,0
DA:19,0
DA:20,1
DA:21,1
DA:22,1
DA:23,0
DA:24,0
DA:25,1
DA:26,1
LF:26
LH:22
BRDA:16,0,0,1
BRDA:17,1,0,0
BRDA:8,2,0,1
BRF:3
BRH:2
end_of_record
TN:
SF:src/entities/customer.spec.ts
FNF:0
FNH:0
DA:1,1
DA:2,1
DA:3,1
DA:4,1
DA:5,1
DA:6,1
DA:7,1
DA:8,1
DA:9,1
DA:10,1
DA:11,1
DA:12,1
DA:13,1
DA:14,1
DA:15,1
DA:16,1
DA:17,1
DA:18,1
DA:19,1
DA:20,1
DA:21,1
DA:22,1
DA:23,1
DA:24,1
DA:25,1
DA:26,1
DA:27,1
DA:28,1
DA:29,1
DA:30,1
DA:31,1
DA:32,1
DA:33,1
DA:34,1
DA:35,1
DA:36,1
LF:36
LH:36
BRF:0
BRH:0
end_of_record
TN:
SF:src/entities/customer.ts
FN:16,get id
FN:20,get name
FN:24,get active
FN:28,get address
FN:32,validate
FN:41,activate
FN:48,deactivate
FN:52,changeName
FN:56,isActive
FN:60,set address
FN:9,Customer
FNF:11
FNH:10
FNDA:7,get id
FNDA:8,get name
FNDA:0,get active
FNDA:2,get address
FNDA:7,validate
FNDA:2,activate
FNDA:1,deactivate
FNDA:2,changeName
FNDA:2,isActive
FNDA:1,set address
FNDA:7,Customer
DA:1,1
DA:2,1
DA:3,1
DA:4,1
DA:5,1
DA:6,1
DA:7,1
DA:8,1
DA:9,1
DA:10,7
DA:11,7
DA:12,7
DA:13,7
DA:14,7
DA:15,1
DA:16,1
DA:17,7
DA:18,7
DA:19,1
DA:20,1
DA:21,8
DA:22,8
DA:23,1
DA:24,1
DA:25,0
DA:26,0
DA:27,1
DA:28,1
DA:29,2
DA:30,2
DA:31,1
DA:32,1
DA:33,7
DA:34,1
DA:35,1
DA:36,7
DA:37,1
DA:38,1
DA:39,7
DA:40,1
DA:41,1
DA:42,2
DA:43,1
DA:44,1
DA:45,1
DA:46,1
DA:47,1
DA:48,1
DA:49,1
DA:50,1
DA:51,1
DA:52,1
DA:53,2
DA:54,2
DA:55,1
DA:56,1
DA:57,2
DA:58,2
DA:59,1
DA:60,1
DA:61,1
DA:62,1
DA:63,1
LF:63
LH:61
BRDA:16,0,0,7
BRDA:20,1,0,8
BRDA:28,2,0,2
BRDA:32,3,0,7
BRDA:33,4,0,1
BRDA:36,5,0,1
BRDA:41,6,0,2
BRDA:42,7,0,1
BRDA:48,8,0,1
BRDA:52,9,0,2
BRDA:56,10,0,2
BRDA:60,11,0,1
BRDA:9,12,0,7
BRF:13
BRH:13
end_of_record
TN:
SF:src/entities/order-item.ts
FN:16,get id
FN:20,get name
FN:24,get price
FN:28,get quantity
FN:8,OrderItem
FNF:5
FNH:3
FNDA:0,get id
FNDA:0,get name
FNDA:13,get price
FNDA:6,get quantity
FNDA:8,OrderItem
DA:1,1
DA:2,1
DA:3,1
DA:4,1
DA:5,1
DA:6,1
DA:7,1
DA:8,1
DA:9,8
DA:10,8
DA:11,8
DA:12,8
DA:13,8
DA:14,8
DA:15,1
DA:16,1
DA:17,0
DA:18,0
DA:19,1
DA:20,1
DA:21,0
DA:22,0
DA:23,1
DA:24,1
DA:25,13
DA:26,13
DA:27,1
DA:28,1
DA:29,6
DA:30,6
DA:31,1
DA:32,1
LF:32
LH:28
BRDA:24,0,0,13
BRDA:28,1,0,6
BRDA:8,2,0,8
BRF:3
BRH:3
end_of_record
TN:
SF:src/entities/order.ts
FN:17,validate
FN:33,total
FN:37,get id
FN:41,get customerId
FN:45,get items
FN:49,get price
FN:9,Order
FNF:7
FNH:6
FNDA:7,validate
FNDA:10,total
FNDA:7,get id
FNDA:6,get customerId
FNDA:9,get items
FNDA:0,get price
FNDA:7,Order
DA:1,1
DA:2,1
DA:3,1
DA:4,1
DA:5,1
DA:6,1
DA:7,1
DA:8,1
DA:9,1
DA:10,7
DA:11,7
DA:12,7
DA:13,7
DA:14,7
DA:15,7
DA:16,1
DA:17,1
DA:18,7
DA:19,1
DA:20,1
DA:21,7
DA:22,1
DA:23,1
DA:24,7
DA:25,1
DA:26,1
DA:27,7
DA:28,1
DA:29,1
DA:30,3
DA:31,3
DA:32,1
DA:33,1
DA:34,10
DA:35,10
DA:36,1
DA:37,1
DA:38,7
DA:39,7
DA:40,1
DA:41,1
DA:42,6
DA:43,6
DA:44,1
DA:45,1
DA:46,9
DA:47,9
DA:48,1
DA:49,1
DA:50,0
DA:51,0
DA:52,1
DA:53,1
LF:53
LH:51
BRDA:17,0,0,7
BRDA:18,1,0,1
BRDA:21,2,0,1
BRDA:24,3,0,5
BRDA:24,4,0,1
BRDA:27,5,0,3
BRDA:27,6,0,1
BRDA:27,7,0,6
BRDA:33,8,0,10
BRDA:34,9,0,13
BRDA:37,10,0,7
BRDA:41,11,0,6
BRDA:45,12,0,9
BRDA:9,13,0,7
BRF:14
BRH:14
end_of_record
TN:
SF:src/entities/product.ts
FN:13,validate
FN:25,get id
FN:29,get name
FN:33,get price
FN:37,changeName
FN:41,changePrice
FN:6,Product
FNF:7
FNH:7
FNDA:7,validate
FNDA:7,get id
FNDA:7,get name
FNDA:12,get price
FNDA:1,changeName
FNDA:3,changePrice
FNDA:7,Product
DA:1,1
DA:2,1
DA:3,1
DA:4,1
DA:5,1
DA:6,1
DA:7,7
DA:8,7
DA:9,7
DA:10,7
DA:11,7
DA:12,1
DA:13,1
DA:14,7
DA:15,1
DA:16,1
DA:17,7
DA:18,1
DA:19,1
DA:20,7
DA:21,1
DA:22,1
DA:23,7
DA:24,1
DA:25,1
DA:26,7
DA:27,7
DA:28,1
DA:29,1
DA:30,7
DA:31,7
DA:32,1
DA:33,1
DA:34,12
DA:35,12
DA:36,1
DA:37,1
DA:38,1
DA:39,1
DA:40,1
DA:41,1
DA:42,3
DA:43,3
DA:44,1
LF:44
LH:44
BRDA:13,0,0,7
BRDA:14,1,0,1
BRDA:17,2,0,1
BRDA:20,3,0,1
BRDA:25,4,0,7
BRDA:29,5,0,7
BRDA:33,6,0,12
BRDA:37,7,0,1
BRDA:41,8,0,3
BRDA:6,9,0,7
BRF:10
BRH:10
end_of_record
TN:
SF:src/service/order.service.ts
FN:4,total
FNF:1
FNH:1
FNDA:1,total
DA:1,1
DA:2,1
DA:3,1
DA:4,1
DA:5,1
DA:6,1
DA:7,1
LF:7
LH:7
BRDA:4,0,0,1
BRDA:5,1,0,2
BRF:2
BRH:2
end_of_record
TN:
SF:src/service/product.service.ts
FN:4,increasePrices
FNF:1
FNH:1
FNDA:1,increasePrices
DA:1,1
DA:2,1
DA:3,1
DA:4,1
DA:5,1
DA:6,2
DA:7,1
DA:8,1
DA:9,1
DA:10,1
LF:10
LH:10
BRDA:4,0,0,1
BRDA:5,1,0,2
BRF:2
BRH:2
end_of_record
